<?xml version="1.0" encoding="UTF-8"?>
<!-- Generated by org.testng.reporters.JUnitXMLReporter -->
<testsuite hostname="Maldita" ignored="0" name="Simple Form Demo Test" tests="6" failures="0" timestamp="07 Jul 2019 06:29:22 GMT" time="66.863" errors="0">
  <testcase name="simpleForm" time="1.137" classname="simpleFormDemo.SimpleFormDemo"/>
  <testcase name="multipleCheckBoxChecked2" time="1.433" classname="basicCheckboxDemo.CheckboxDemo"/>
  <testcase name="multipleCheckBoxChecked3" time="1.628" classname="basicCheckboxDemo.CheckboxDemo"/>
  <testcase name="multipleCheckBoxCheckedALLBtnClick" time="0.508" classname="basicCheckboxDemo.CheckboxDemo"/>
  <testcase name="multipleCheckBoxCheckedAll" time="2.09" classname="basicCheckboxDemo.CheckboxDemo"/>
  <testcase name="singleCheckBox" time="0.865" classname="basicCheckboxDemo.CheckboxDemo"/>
</testsuite> <!-- Simple Form Demo Test -->
