<?xml version="1.0" encoding="UTF-8"?>
<testng-results skipped="0" failed="0" ignored="0" total="6" passed="6">
  <reporter-output>
  </reporter-output>
  <suite name="Selenium Easy Project" duration-ms="66863" started-at="2019-07-07T06:28:15Z" finished-at="2019-07-07T06:29:22Z">
    <groups>
      <group name="Single.CheckBox">
        <method signature="CheckboxDemo.singleCheckBox()[pri:0, instance:basicCheckboxDemo.CheckboxDemo@ae45eb6]" name="singleCheckBox" class="basicCheckboxDemo.CheckboxDemo"/>
      </group> <!-- Single.CheckBox -->
      <group name="Multiple.CheckBox">
        <method signature="CheckboxDemo.multipleCheckBoxChecked2()[pri:0, instance:basicCheckboxDemo.CheckboxDemo@ae45eb6]" name="multipleCheckBoxChecked2" class="basicCheckboxDemo.CheckboxDemo"/>
        <method signature="CheckboxDemo.multipleCheckBoxChecked3()[pri:0, instance:basicCheckboxDemo.CheckboxDemo@ae45eb6]" name="multipleCheckBoxChecked3" class="basicCheckboxDemo.CheckboxDemo"/>
        <method signature="CheckboxDemo.multipleCheckBoxCheckedALLBtnClick()[pri:0, instance:basicCheckboxDemo.CheckboxDemo@ae45eb6]" name="multipleCheckBoxCheckedALLBtnClick" class="basicCheckboxDemo.CheckboxDemo"/>
        <method signature="CheckboxDemo.multipleCheckBoxCheckedAll()[pri:0, instance:basicCheckboxDemo.CheckboxDemo@ae45eb6]" name="multipleCheckBoxCheckedAll" class="basicCheckboxDemo.CheckboxDemo"/>
      </group> <!-- Multiple.CheckBox -->
    </groups>
    <test name="Simple Form Demo Test" duration-ms="66863" started-at="2019-07-07T06:28:15Z" finished-at="2019-07-07T06:29:22Z">
      <class name="simpleFormDemo.SimpleFormDemo">
        <test-method status="PASS" signature="beforeMethod(java.lang.String, java.lang.String)[pri:0, instance:simpleFormDemo.SimpleFormDemo@68c4039c]" name="beforeMethod" is-config="true" duration-ms="7996" started-at="2019-07-07T06:28:16Z" finished-at="2019-07-07T06:28:24Z">
          <params>
            <param index="0">
              <value>
                <![CDATA[chrome]]>
              </value>
            </param>
            <param index="1">
              <value>
                <![CDATA[https://www.seleniumeasy.com/test/basic-first-form-demo.html]]>
              </value>
            </param>
          </params>
          <reporter-output>
          </reporter-output>
        </test-method> <!-- beforeMethod -->
        <test-method status="PASS" signature="simpleForm(java.lang.String, java.lang.String, java.lang.String, java.lang.String)[pri:0, instance:simpleFormDemo.SimpleFormDemo@68c4039c]" name="simpleForm" duration-ms="1137" started-at="2019-07-07T06:28:24Z" data-provider="getTestData" finished-at="2019-07-07T06:28:25Z">
          <params>
            <param index="0">
              <value>
                <![CDATA[Hello World]]>
              </value>
            </param>
            <param index="1">
              <value>
                <![CDATA[20.16]]>
              </value>
            </param>
            <param index="2">
              <value>
                <![CDATA[12.6]]>
              </value>
            </param>
            <param index="3">
              <value>
                <![CDATA[32.76]]>
              </value>
            </param>
          </params>
          <reporter-output>
          </reporter-output>
        </test-method> <!-- simpleForm -->
        <test-method status="PASS" signature="tearDown()[pri:0, instance:simpleFormDemo.SimpleFormDemo@68c4039c]" name="tearDown" is-config="true" duration-ms="586" started-at="2019-07-07T06:28:25Z" finished-at="2019-07-07T06:28:26Z">
          <reporter-output>
          </reporter-output>
        </test-method> <!-- tearDown -->
      </class> <!-- simpleFormDemo.SimpleFormDemo -->
      <class name="basicCheckboxDemo.CheckboxDemo">
        <test-method status="PASS" signature="beforeMethod(java.lang.String, java.lang.String)[pri:0, instance:basicCheckboxDemo.CheckboxDemo@ae45eb6]" name="beforeMethod" is-config="true" duration-ms="7784" started-at="2019-07-07T06:28:26Z" finished-at="2019-07-07T06:28:33Z">
          <params>
            <param index="0">
              <value>
                <![CDATA[chrome]]>
              </value>
            </param>
            <param index="1">
              <value>
                <![CDATA[https://www.seleniumeasy.com/test/basic-checkbox-demo.html]]>
              </value>
            </param>
          </params>
          <reporter-output>
          </reporter-output>
        </test-method> <!-- beforeMethod -->
        <test-method status="PASS" signature="multipleCheckBoxChecked2()[pri:0, instance:basicCheckboxDemo.CheckboxDemo@ae45eb6]" name="multipleCheckBoxChecked2" duration-ms="1433" started-at="2019-07-07T06:28:33Z" finished-at="2019-07-07T06:28:35Z">
          <reporter-output>
          </reporter-output>
        </test-method> <!-- multipleCheckBoxChecked2 -->
        <test-method status="PASS" signature="tearDown()[pri:0, instance:basicCheckboxDemo.CheckboxDemo@ae45eb6]" name="tearDown" is-config="true" duration-ms="594" started-at="2019-07-07T06:28:35Z" finished-at="2019-07-07T06:28:35Z">
          <reporter-output>
          </reporter-output>
        </test-method> <!-- tearDown -->
        <test-method status="PASS" signature="beforeMethod(java.lang.String, java.lang.String)[pri:0, instance:basicCheckboxDemo.CheckboxDemo@ae45eb6]" name="beforeMethod" is-config="true" duration-ms="7916" started-at="2019-07-07T06:28:35Z" finished-at="2019-07-07T06:28:43Z">
          <params>
            <param index="0">
              <value>
                <![CDATA[chrome]]>
              </value>
            </param>
            <param index="1">
              <value>
                <![CDATA[https://www.seleniumeasy.com/test/basic-checkbox-demo.html]]>
              </value>
            </param>
          </params>
          <reporter-output>
          </reporter-output>
        </test-method> <!-- beforeMethod -->
        <test-method status="PASS" signature="multipleCheckBoxChecked3()[pri:0, instance:basicCheckboxDemo.CheckboxDemo@ae45eb6]" name="multipleCheckBoxChecked3" duration-ms="1628" started-at="2019-07-07T06:28:43Z" finished-at="2019-07-07T06:28:45Z">
          <reporter-output>
          </reporter-output>
        </test-method> <!-- multipleCheckBoxChecked3 -->
        <test-method status="PASS" signature="tearDown()[pri:0, instance:basicCheckboxDemo.CheckboxDemo@ae45eb6]" name="tearDown" is-config="true" duration-ms="581" started-at="2019-07-07T06:28:45Z" finished-at="2019-07-07T06:28:45Z">
          <reporter-output>
          </reporter-output>
        </test-method> <!-- tearDown -->
        <test-method status="PASS" signature="beforeMethod(java.lang.String, java.lang.String)[pri:0, instance:basicCheckboxDemo.CheckboxDemo@ae45eb6]" name="beforeMethod" is-config="true" duration-ms="12565" started-at="2019-07-07T06:28:45Z" finished-at="2019-07-07T06:28:58Z">
          <params>
            <param index="0">
              <value>
                <![CDATA[chrome]]>
              </value>
            </param>
            <param index="1">
              <value>
                <![CDATA[https://www.seleniumeasy.com/test/basic-checkbox-demo.html]]>
              </value>
            </param>
          </params>
          <reporter-output>
          </reporter-output>
        </test-method> <!-- beforeMethod -->
        <test-method status="PASS" signature="multipleCheckBoxCheckedALLBtnClick()[pri:0, instance:basicCheckboxDemo.CheckboxDemo@ae45eb6]" name="multipleCheckBoxCheckedALLBtnClick" duration-ms="508" started-at="2019-07-07T06:28:58Z" finished-at="2019-07-07T06:28:59Z">
          <reporter-output>
          </reporter-output>
        </test-method> <!-- multipleCheckBoxCheckedALLBtnClick -->
        <test-method status="PASS" signature="tearDown()[pri:0, instance:basicCheckboxDemo.CheckboxDemo@ae45eb6]" name="tearDown" is-config="true" duration-ms="585" started-at="2019-07-07T06:28:59Z" finished-at="2019-07-07T06:28:59Z">
          <reporter-output>
          </reporter-output>
        </test-method> <!-- tearDown -->
        <test-method status="PASS" signature="beforeMethod(java.lang.String, java.lang.String)[pri:0, instance:basicCheckboxDemo.CheckboxDemo@ae45eb6]" name="beforeMethod" is-config="true" duration-ms="8562" started-at="2019-07-07T06:28:59Z" finished-at="2019-07-07T06:29:08Z">
          <params>
            <param index="0">
              <value>
                <![CDATA[chrome]]>
              </value>
            </param>
            <param index="1">
              <value>
                <![CDATA[https://www.seleniumeasy.com/test/basic-checkbox-demo.html]]>
              </value>
            </param>
          </params>
          <reporter-output>
          </reporter-output>
        </test-method> <!-- beforeMethod -->
        <test-method status="PASS" signature="multipleCheckBoxCheckedAll()[pri:0, instance:basicCheckboxDemo.CheckboxDemo@ae45eb6]" name="multipleCheckBoxCheckedAll" duration-ms="2090" started-at="2019-07-07T06:29:08Z" finished-at="2019-07-07T06:29:10Z">
          <reporter-output>
          </reporter-output>
        </test-method> <!-- multipleCheckBoxCheckedAll -->
        <test-method status="PASS" signature="tearDown()[pri:0, instance:basicCheckboxDemo.CheckboxDemo@ae45eb6]" name="tearDown" is-config="true" duration-ms="643" started-at="2019-07-07T06:29:10Z" finished-at="2019-07-07T06:29:10Z">
          <reporter-output>
          </reporter-output>
        </test-method> <!-- tearDown -->
        <test-method status="PASS" signature="beforeMethod(java.lang.String, java.lang.String)[pri:0, instance:basicCheckboxDemo.CheckboxDemo@ae45eb6]" name="beforeMethod" is-config="true" duration-ms="10424" started-at="2019-07-07T06:29:10Z" finished-at="2019-07-07T06:29:21Z">
          <params>
            <param index="0">
              <value>
                <![CDATA[chrome]]>
              </value>
            </param>
            <param index="1">
              <value>
                <![CDATA[https://www.seleniumeasy.com/test/basic-checkbox-demo.html]]>
              </value>
            </param>
          </params>
          <reporter-output>
          </reporter-output>
        </test-method> <!-- beforeMethod -->
        <test-method status="PASS" signature="singleCheckBox()[pri:0, instance:basicCheckboxDemo.CheckboxDemo@ae45eb6]" name="singleCheckBox" duration-ms="865" started-at="2019-07-07T06:29:21Z" finished-at="2019-07-07T06:29:22Z">
          <reporter-output>
          </reporter-output>
        </test-method> <!-- singleCheckBox -->
        <test-method status="PASS" signature="tearDown()[pri:0, instance:basicCheckboxDemo.CheckboxDemo@ae45eb6]" name="tearDown" is-config="true" duration-ms="587" started-at="2019-07-07T06:29:22Z" finished-at="2019-07-07T06:29:22Z">
          <reporter-output>
          </reporter-output>
        </test-method> <!-- tearDown -->
      </class> <!-- basicCheckboxDemo.CheckboxDemo -->
    </test> <!-- Simple Form Demo Test -->
  </suite> <!-- Selenium Easy Project -->
</testng-results>
